[INFO] [2025-05-19 19:33:36] [Login] Attempting login for email: egide@gmail.com
[INFO] [2025-05-19 19:33:36] [Login] Opening database connection...
[INFO] [2025-05-19 19:33:37] [Login] Database connection opened successfully. Connection state: Open
[INFO] [2025-05-19 19:33:37] [Login] Connection string used: Data Source=ABAKAREKE_25497\SQLEXPRESS;Initial Catalog=ONLINE_LEARNING_PLATFORM;Integrated Security=True;TrustServerCertificate=True;Encrypt=True;Connection Timeout=30;MultipleActiveResultSets=True
[INFO] [2025-05-19 19:33:37] [Login] User found: ID=14, Role=ADMIN, MFA=False
[INFO] [2025-05-19 19:33:37] [Login] Password verification successful
[INFO] [2025-05-19 19:33:37] [Login] MFA not enabled, proceeding with direct login
[INFO] [2025-05-19 19:33:37] [Login] Starting CompleteSignInAsync for user 14 (egide@gmail.com)
[INFO] [2025-05-19 19:33:37] [Login] Clearing existing authentication
[INFO] [2025-05-19 19:33:37] [Login] Setting session values
[INFO] [2025-05-19 19:33:37] [Login] Created claims for user: http://schemas.xmlsoap.org/ws/2005/05/identity/claims/nameidentifier=14, http://schemas.xmlsoap.org/ws/2005/05/identity/claims/name=egide, http://schemas.xmlsoap.org/ws/2005/05/identity/claims/emailaddress=egide@gmail.com, http://schemas.microsoft.com/ws/2008/06/identity/claims/role=ADMIN, UserId=14
[INFO] [2025-05-19 19:33:37] [Login] Signing in user with properties: IsPersistent=False, ExpiresUtc=5/19/2025 6:33:37 PM +00:00
[INFO] [2025-05-19 19:33:37] [Login] User 14 (egide@gmail.com) successfully signed in with role ADMIN
[INFO] [2025-05-19 19:33:37] [Login] Login successful. Redirecting to: /AdminDashboard
[INFO] [2025-05-19 19:45:16] [Login] Attempting login for email: egide@gmail.com
[INFO] [2025-05-19 19:45:16] [Login] Opening database connection...
[INFO] [2025-05-19 19:45:17] [Login] Database connection opened successfully. Connection state: Open
[INFO] [2025-05-19 19:45:17] [Login] Connection string used: Data Source=ABAKAREKE_25497\SQLEXPRESS;Initial Catalog=ONLINE_LEARNING_PLATFORM;Integrated Security=True;TrustServerCertificate=True;Encrypt=True;Connection Timeout=30;MultipleActiveResultSets=True
[INFO] [2025-05-19 19:45:17] [Login] User found: ID=14, Role=ADMIN, MFA=False
[INFO] [2025-05-19 19:45:17] [Login] Password verification successful
[INFO] [2025-05-19 19:45:17] [Login] MFA not enabled, proceeding with direct login
[INFO] [2025-05-19 19:45:17] [Login] Starting CompleteSignInAsync for user 14 (egide@gmail.com)
[INFO] [2025-05-19 19:45:17] [Login] Clearing existing authentication
[INFO] [2025-05-19 19:45:17] [Login] Setting session values
[INFO] [2025-05-19 19:45:17] [Login] Created claims for user: http://schemas.xmlsoap.org/ws/2005/05/identity/claims/nameidentifier=14, http://schemas.xmlsoap.org/ws/2005/05/identity/claims/name=egide, http://schemas.xmlsoap.org/ws/2005/05/identity/claims/emailaddress=egide@gmail.com, http://schemas.microsoft.com/ws/2008/06/identity/claims/role=ADMIN, UserId=14
[INFO] [2025-05-19 19:45:17] [Login] Signing in user with properties: IsPersistent=False, ExpiresUtc=5/19/2025 6:45:17 PM +00:00, RedirectUri=/AdminDashboard
[INFO] [2025-05-19 19:45:17] [Login] User 14 (egide@gmail.com) successfully signed in with role ADMIN
[INFO] [2025-05-19 19:45:17] [Login] Login successful. Redirecting to: /AdminDashboard
